mode: set
projects/GoLang-Interns-2022/authorbook/http/bookhttp/bookhttp.go:20.49,22.2 1 1
projects/GoLang-Interns-2022/authorbook/http/bookhttp/bookhttp.go:25.75,30.16 4 1
projects/GoLang-Interns-2022/authorbook/http/bookhttp/bookhttp.go:37.2,38.16 2 1
projects/GoLang-Interns-2022/authorbook/http/bookhttp/bookhttp.go:45.2,46.22 2 1
projects/GoLang-Interns-2022/authorbook/http/bookhttp/bookhttp.go:30.16,35.3 3 1
projects/GoLang-Interns-2022/authorbook/http/bookhttp/bookhttp.go:38.16,43.3 3 0
projects/GoLang-Interns-2022/authorbook/http/bookhttp/bookhttp.go:50.76,54.26 3 1
projects/GoLang-Interns-2022/authorbook/http/bookhttp/bookhttp.go:61.2,62.16 2 1
projects/GoLang-Interns-2022/authorbook/http/bookhttp/bookhttp.go:69.2,70.16 2 1
projects/GoLang-Interns-2022/authorbook/http/bookhttp/bookhttp.go:75.2,76.22 2 1
projects/GoLang-Interns-2022/authorbook/http/bookhttp/bookhttp.go:54.26,59.3 3 1
projects/GoLang-Interns-2022/authorbook/http/bookhttp/bookhttp.go:62.16,67.3 3 0
projects/GoLang-Interns-2022/authorbook/http/bookhttp/bookhttp.go:70.16,73.3 2 0
projects/GoLang-Interns-2022/authorbook/http/bookhttp/bookhttp.go:80.69,84.16 3 1
projects/GoLang-Interns-2022/authorbook/http/bookhttp/bookhttp.go:91.2,92.16 2 1
projects/GoLang-Interns-2022/authorbook/http/bookhttp/bookhttp.go:99.2,100.16 2 1
projects/GoLang-Interns-2022/authorbook/http/bookhttp/bookhttp.go:107.2,108.16 2 1
projects/GoLang-Interns-2022/authorbook/http/bookhttp/bookhttp.go:115.2,116.22 2 1
projects/GoLang-Interns-2022/authorbook/http/bookhttp/bookhttp.go:84.16,89.3 3 0
projects/GoLang-Interns-2022/authorbook/http/bookhttp/bookhttp.go:92.16,97.3 3 1
projects/GoLang-Interns-2022/authorbook/http/bookhttp/bookhttp.go:100.16,105.3 3 1
projects/GoLang-Interns-2022/authorbook/http/bookhttp/bookhttp.go:108.16,113.3 3 0
projects/GoLang-Interns-2022/authorbook/http/bookhttp/bookhttp.go:120.68,122.16 2 1
projects/GoLang-Interns-2022/authorbook/http/bookhttp/bookhttp.go:129.2,132.16 3 1
projects/GoLang-Interns-2022/authorbook/http/bookhttp/bookhttp.go:139.2,143.16 4 1
projects/GoLang-Interns-2022/authorbook/http/bookhttp/bookhttp.go:149.2,150.16 2 1
projects/GoLang-Interns-2022/authorbook/http/bookhttp/bookhttp.go:155.2,156.22 2 1
projects/GoLang-Interns-2022/authorbook/http/bookhttp/bookhttp.go:122.16,127.3 3 0
projects/GoLang-Interns-2022/authorbook/http/bookhttp/bookhttp.go:132.16,137.3 3 1
projects/GoLang-Interns-2022/authorbook/http/bookhttp/bookhttp.go:143.16,147.3 3 1
projects/GoLang-Interns-2022/authorbook/http/bookhttp/bookhttp.go:150.16,153.3 2 0
projects/GoLang-Interns-2022/authorbook/http/bookhttp/bookhttp.go:160.71,164.26 3 1
projects/GoLang-Interns-2022/authorbook/http/bookhttp/bookhttp.go:170.2,171.16 2 1
projects/GoLang-Interns-2022/authorbook/http/bookhttp/bookhttp.go:178.2,179.48 2 1
projects/GoLang-Interns-2022/authorbook/http/bookhttp/bookhttp.go:164.26,168.3 3 1
projects/GoLang-Interns-2022/authorbook/http/bookhttp/bookhttp.go:171.16,176.3 3 1
