mode: set
projects/GoLang-Interns-2022/authorbook/store/author/authorsql.go:14.28,16.2 1 1
projects/GoLang-Interns-2022/authorbook/store/author/authorsql.go:19.58,22.16 2 1
projects/GoLang-Interns-2022/authorbook/store/author/authorsql.go:27.2,28.16 2 1
projects/GoLang-Interns-2022/authorbook/store/author/authorsql.go:32.2,32.21 1 1
projects/GoLang-Interns-2022/authorbook/store/author/authorsql.go:22.16,25.3 2 1
projects/GoLang-Interns-2022/authorbook/store/author/authorsql.go:28.16,30.3 1 1
projects/GoLang-Interns-2022/authorbook/store/author/authorsql.go:36.65,39.16 2 1
projects/GoLang-Interns-2022/authorbook/store/author/authorsql.go:44.2,44.29 1 1
projects/GoLang-Interns-2022/authorbook/store/author/authorsql.go:39.16,42.3 2 1
projects/GoLang-Interns-2022/authorbook/store/author/authorsql.go:48.44,50.16 2 1
projects/GoLang-Interns-2022/authorbook/store/author/authorsql.go:54.2,55.16 2 1
projects/GoLang-Interns-2022/authorbook/store/author/authorsql.go:59.2,59.24 1 1
projects/GoLang-Interns-2022/authorbook/store/author/authorsql.go:50.16,52.3 1 1
projects/GoLang-Interns-2022/authorbook/store/author/authorsql.go:55.16,57.3 1 1
projects/GoLang-Interns-2022/authorbook/store/author/authorsql.go:63.63,68.118 3 1
projects/GoLang-Interns-2022/authorbook/store/author/authorsql.go:73.2,73.20 1 1
projects/GoLang-Interns-2022/authorbook/store/author/authorsql.go:68.118,71.3 2 1
projects/GoLang-Interns-2022/authorbook/store/book/booksql.go:14.28,16.2 1 1
projects/GoLang-Interns-2022/authorbook/store/book/booksql.go:19.55,27.16 3 1
projects/GoLang-Interns-2022/authorbook/store/book/booksql.go:30.2,32.18 2 1
projects/GoLang-Interns-2022/authorbook/store/book/booksql.go:43.2,43.19 1 1
projects/GoLang-Interns-2022/authorbook/store/book/booksql.go:27.16,29.3 1 1
projects/GoLang-Interns-2022/authorbook/store/book/booksql.go:32.18,36.17 3 1
projects/GoLang-Interns-2022/authorbook/store/book/booksql.go:40.3,40.30 1 1
projects/GoLang-Interns-2022/authorbook/store/book/booksql.go:36.17,38.4 1 0
projects/GoLang-Interns-2022/authorbook/store/book/booksql.go:47.72,55.16 3 1
projects/GoLang-Interns-2022/authorbook/store/book/booksql.go:59.2,61.18 2 1
projects/GoLang-Interns-2022/authorbook/store/book/booksql.go:72.2,72.19 1 1
projects/GoLang-Interns-2022/authorbook/store/book/booksql.go:55.16,58.3 2 1
projects/GoLang-Interns-2022/authorbook/store/book/booksql.go:61.18,65.17 3 1
projects/GoLang-Interns-2022/authorbook/store/book/booksql.go:69.3,69.30 1 1
projects/GoLang-Interns-2022/authorbook/store/book/booksql.go:65.17,67.4 1 0
projects/GoLang-Interns-2022/authorbook/store/book/booksql.go:76.60,82.16 4 1
projects/GoLang-Interns-2022/authorbook/store/book/booksql.go:87.2,87.18 1 1
projects/GoLang-Interns-2022/authorbook/store/book/booksql.go:82.16,85.3 2 1
projects/GoLang-Interns-2022/authorbook/store/book/booksql.go:91.56,94.16 2 1
projects/GoLang-Interns-2022/authorbook/store/book/booksql.go:99.2,100.16 2 1
projects/GoLang-Interns-2022/authorbook/store/book/booksql.go:105.2,105.21 1 1
projects/GoLang-Interns-2022/authorbook/store/book/booksql.go:94.16,97.3 2 1
projects/GoLang-Interns-2022/authorbook/store/book/booksql.go:100.16,103.3 2 1
projects/GoLang-Interns-2022/authorbook/store/book/booksql.go:109.63,112.16 2 1
projects/GoLang-Interns-2022/authorbook/store/book/booksql.go:116.2,117.16 2 1
projects/GoLang-Interns-2022/authorbook/store/book/booksql.go:121.2,121.21 1 1
projects/GoLang-Interns-2022/authorbook/store/book/booksql.go:112.16,114.3 1 1
projects/GoLang-Interns-2022/authorbook/store/book/booksql.go:117.16,119.3 1 1
projects/GoLang-Interns-2022/authorbook/store/book/booksql.go:125.45,127.16 2 1
projects/GoLang-Interns-2022/authorbook/store/book/booksql.go:131.2,132.16 2 1
projects/GoLang-Interns-2022/authorbook/store/book/booksql.go:136.2,136.24 1 1
projects/GoLang-Interns-2022/authorbook/store/book/booksql.go:127.16,129.3 1 1
projects/GoLang-Interns-2022/authorbook/store/book/booksql.go:132.16,134.3 1 1
