mode: set
projects/GoLang-Interns-2022/authorbook/service/bookservice/booksvc.go:17.66,19.2 1 1
projects/GoLang-Interns-2022/authorbook/service/bookservice/booksvc.go:22.87,28.17 2 1
projects/GoLang-Interns-2022/authorbook/service/bookservice/booksvc.go:42.2,42.29 1 0
projects/GoLang-Interns-2022/authorbook/service/bookservice/booksvc.go:54.2,54.19 1 0
projects/GoLang-Interns-2022/authorbook/service/bookservice/booksvc.go:28.17,30.17 2 1
projects/GoLang-Interns-2022/authorbook/service/bookservice/booksvc.go:30.17,33.4 2 1
projects/GoLang-Interns-2022/authorbook/service/bookservice/booksvc.go:34.8,36.17 2 1
projects/GoLang-Interns-2022/authorbook/service/bookservice/booksvc.go:36.17,39.4 2 1
projects/GoLang-Interns-2022/authorbook/service/bookservice/booksvc.go:42.29,43.24 1 0
projects/GoLang-Interns-2022/authorbook/service/bookservice/booksvc.go:43.24,45.18 2 0
projects/GoLang-Interns-2022/authorbook/service/bookservice/booksvc.go:50.4,50.28 1 0
projects/GoLang-Interns-2022/authorbook/service/bookservice/booksvc.go:45.18,48.5 2 0
projects/GoLang-Interns-2022/authorbook/service/bookservice/booksvc.go:58.65,59.13 1 1
projects/GoLang-Interns-2022/authorbook/service/bookservice/booksvc.go:63.2,64.16 2 1
projects/GoLang-Interns-2022/authorbook/service/bookservice/booksvc.go:69.2,69.18 1 0
projects/GoLang-Interns-2022/authorbook/service/bookservice/booksvc.go:59.13,61.3 1 1
projects/GoLang-Interns-2022/authorbook/service/bookservice/booksvc.go:64.16,67.3 2 1
projects/GoLang-Interns-2022/authorbook/service/bookservice/booksvc.go:73.71,74.81 1 1
projects/GoLang-Interns-2022/authorbook/service/bookservice/booksvc.go:78.2,79.16 2 1
projects/GoLang-Interns-2022/authorbook/service/bookservice/booksvc.go:83.2,84.28 2 1
projects/GoLang-Interns-2022/authorbook/service/bookservice/booksvc.go:88.2,91.19 3 1
projects/GoLang-Interns-2022/authorbook/service/bookservice/booksvc.go:74.81,76.3 1 1
projects/GoLang-Interns-2022/authorbook/service/bookservice/booksvc.go:79.16,81.3 1 1
projects/GoLang-Interns-2022/authorbook/service/bookservice/booksvc.go:84.28,86.3 1 0
projects/GoLang-Interns-2022/authorbook/service/bookservice/booksvc.go:95.78,96.82 1 1
projects/GoLang-Interns-2022/authorbook/service/bookservice/booksvc.go:100.2,101.30 2 1
projects/GoLang-Interns-2022/authorbook/service/bookservice/booksvc.go:104.2,104.19 1 1
projects/GoLang-Interns-2022/authorbook/service/bookservice/booksvc.go:96.82,98.3 1 1
projects/GoLang-Interns-2022/authorbook/service/bookservice/booksvc.go:101.30,103.3 1 1
projects/GoLang-Interns-2022/authorbook/service/bookservice/booksvc.go:108.50,109.12 1 1
projects/GoLang-Interns-2022/authorbook/service/bookservice/booksvc.go:113.2,114.30 2 1
projects/GoLang-Interns-2022/authorbook/service/bookservice/booksvc.go:118.2,118.19 1 1
projects/GoLang-Interns-2022/authorbook/service/bookservice/booksvc.go:109.12,111.3 1 1
projects/GoLang-Interns-2022/authorbook/service/bookservice/booksvc.go:114.30,116.3 1 1
projects/GoLang-Interns-2022/authorbook/service/bookservice/booksvc.go:122.48,126.2 2 1
projects/GoLang-Interns-2022/authorbook/service/authorservice/authorsvc.go:16.46,18.2 1 1
projects/GoLang-Interns-2022/authorbook/service/authorservice/authorsvc.go:21.73,22.43 1 1
projects/GoLang-Interns-2022/authorbook/service/authorservice/authorsvc.go:26.2,27.27 2 1
projects/GoLang-Interns-2022/authorbook/service/authorservice/authorsvc.go:31.2,33.15 2 1
projects/GoLang-Interns-2022/authorbook/service/authorservice/authorsvc.go:22.43,24.3 1 1
projects/GoLang-Interns-2022/authorbook/service/authorservice/authorsvc.go:27.27,29.3 1 1
projects/GoLang-Interns-2022/authorbook/service/authorservice/authorsvc.go:37.80,38.43 1 1
projects/GoLang-Interns-2022/authorbook/service/authorservice/authorsvc.go:42.2,43.46 2 1
projects/GoLang-Interns-2022/authorbook/service/authorservice/authorsvc.go:47.2,48.25 2 1
projects/GoLang-Interns-2022/authorbook/service/authorservice/authorsvc.go:52.2,54.15 2 1
projects/GoLang-Interns-2022/authorbook/service/authorservice/authorsvc.go:38.43,40.3 1 1
projects/GoLang-Interns-2022/authorbook/service/authorservice/authorsvc.go:43.46,45.3 1 1
projects/GoLang-Interns-2022/authorbook/service/authorservice/authorsvc.go:48.25,50.3 1 1
projects/GoLang-Interns-2022/authorbook/service/authorservice/authorsvc.go:58.52,59.12 1 1
projects/GoLang-Interns-2022/authorbook/service/authorservice/authorsvc.go:63.2,64.34 2 1
projects/GoLang-Interns-2022/authorbook/service/authorservice/authorsvc.go:68.2,68.23 1 1
projects/GoLang-Interns-2022/authorbook/service/authorservice/authorsvc.go:59.12,61.3 1 1
projects/GoLang-Interns-2022/authorbook/service/authorservice/authorsvc.go:64.34,66.3 1 1
projects/GoLang-Interns-2022/authorbook/service/authorservice/authorsvc.go:72.32,78.9 5 1
projects/GoLang-Interns-2022/authorbook/service/authorservice/authorsvc.go:87.2,87.13 1 1
projects/GoLang-Interns-2022/authorbook/service/authorservice/authorsvc.go:79.28,80.15 1 1
projects/GoLang-Interns-2022/authorbook/service/authorservice/authorsvc.go:81.32,82.15 1 1
projects/GoLang-Interns-2022/authorbook/service/authorservice/authorsvc.go:83.17,84.15 1 1
