mode: set
projects/GoLang-Interns-2022/authorbook/http/authorhttp/authorhttp.go:20.49,22.2 1 1
projects/GoLang-Interns-2022/authorbook/http/authorhttp/authorhttp.go:25.71,29.16 3 1
projects/GoLang-Interns-2022/authorbook/http/authorhttp/authorhttp.go:34.2,35.16 2 1
projects/GoLang-Interns-2022/authorbook/http/authorhttp/authorhttp.go:40.2,41.16 2 1
projects/GoLang-Interns-2022/authorbook/http/authorhttp/authorhttp.go:46.2,47.16 2 1
projects/GoLang-Interns-2022/authorbook/http/authorhttp/authorhttp.go:52.2,53.20 2 1
projects/GoLang-Interns-2022/authorbook/http/authorhttp/authorhttp.go:29.16,32.3 2 0
projects/GoLang-Interns-2022/authorbook/http/authorhttp/authorhttp.go:35.16,38.3 2 1
projects/GoLang-Interns-2022/authorbook/http/authorhttp/authorhttp.go:41.16,44.3 2 1
projects/GoLang-Interns-2022/authorbook/http/authorhttp/authorhttp.go:47.16,50.3 2 0
projects/GoLang-Interns-2022/authorbook/http/authorhttp/authorhttp.go:57.70,61.16 3 1
projects/GoLang-Interns-2022/authorbook/http/authorhttp/authorhttp.go:66.2,67.16 2 1
projects/GoLang-Interns-2022/authorbook/http/authorhttp/authorhttp.go:73.2,75.16 3 1
projects/GoLang-Interns-2022/authorbook/http/authorhttp/authorhttp.go:80.2,81.16 2 1
projects/GoLang-Interns-2022/authorbook/http/authorhttp/authorhttp.go:88.2,89.16 2 1
projects/GoLang-Interns-2022/authorbook/http/authorhttp/authorhttp.go:94.2,95.22 2 1
projects/GoLang-Interns-2022/authorbook/http/authorhttp/authorhttp.go:61.16,64.3 2 0
projects/GoLang-Interns-2022/authorbook/http/authorhttp/authorhttp.go:67.16,71.3 3 1
projects/GoLang-Interns-2022/authorbook/http/authorhttp/authorhttp.go:75.16,78.3 2 1
projects/GoLang-Interns-2022/authorbook/http/authorhttp/authorhttp.go:81.16,86.3 4 1
projects/GoLang-Interns-2022/authorbook/http/authorhttp/authorhttp.go:89.16,92.3 2 0
projects/GoLang-Interns-2022/authorbook/http/authorhttp/authorhttp.go:99.73,103.16 3 1
projects/GoLang-Interns-2022/authorbook/http/authorhttp/authorhttp.go:108.2,109.16 2 1
projects/GoLang-Interns-2022/authorbook/http/authorhttp/authorhttp.go:116.2,117.49 2 1
projects/GoLang-Interns-2022/authorbook/http/authorhttp/authorhttp.go:103.16,106.3 2 1
projects/GoLang-Interns-2022/authorbook/http/authorhttp/authorhttp.go:109.16,114.3 3 1
