mode: set
projects/GoLang-Interns-2022/authorbook/service/bookservice/booksvc.go:17.66,19.2 1 1
projects/GoLang-Interns-2022/authorbook/service/bookservice/booksvc.go:22.87,28.17 2 1
projects/GoLang-Interns-2022/authorbook/service/bookservice/booksvc.go:42.2,42.29 1 0
projects/GoLang-Interns-2022/authorbook/service/bookservice/booksvc.go:54.2,54.19 1 0
projects/GoLang-Interns-2022/authorbook/service/bookservice/booksvc.go:28.17,30.17 2 1
projects/GoLang-Interns-2022/authorbook/service/bookservice/booksvc.go:30.17,33.4 2 1
projects/GoLang-Interns-2022/authorbook/service/bookservice/booksvc.go:34.8,36.17 2 1
projects/GoLang-Interns-2022/authorbook/service/bookservice/booksvc.go:36.17,39.4 2 1
projects/GoLang-Interns-2022/authorbook/service/bookservice/booksvc.go:42.29,43.24 1 0
projects/GoLang-Interns-2022/authorbook/service/bookservice/booksvc.go:43.24,45.18 2 0
projects/GoLang-Interns-2022/authorbook/service/bookservice/booksvc.go:50.4,50.28 1 0
projects/GoLang-Interns-2022/authorbook/service/bookservice/booksvc.go:45.18,48.5 2 0
projects/GoLang-Interns-2022/authorbook/service/bookservice/booksvc.go:58.65,59.13 1 1
projects/GoLang-Interns-2022/authorbook/service/bookservice/booksvc.go:63.2,64.16 2 1
projects/GoLang-Interns-2022/authorbook/service/bookservice/booksvc.go:69.2,69.18 1 0
projects/GoLang-Interns-2022/authorbook/service/bookservice/booksvc.go:59.13,61.3 1 1
projects/GoLang-Interns-2022/authorbook/service/bookservice/booksvc.go:64.16,67.3 2 1
projects/GoLang-Interns-2022/authorbook/service/bookservice/booksvc.go:73.71,74.81 1 1
projects/GoLang-Interns-2022/authorbook/service/bookservice/booksvc.go:78.2,79.16 2 1
projects/GoLang-Interns-2022/authorbook/service/bookservice/booksvc.go:83.2,84.28 2 1
projects/GoLang-Interns-2022/authorbook/service/bookservice/booksvc.go:88.2,91.19 3 1
projects/GoLang-Interns-2022/authorbook/service/bookservice/booksvc.go:74.81,76.3 1 1
projects/GoLang-Interns-2022/authorbook/service/bookservice/booksvc.go:79.16,81.3 1 1
projects/GoLang-Interns-2022/authorbook/service/bookservice/booksvc.go:84.28,86.3 1 0
projects/GoLang-Interns-2022/authorbook/service/bookservice/booksvc.go:95.78,96.82 1 1
projects/GoLang-Interns-2022/authorbook/service/bookservice/booksvc.go:100.2,101.30 2 1
projects/GoLang-Interns-2022/authorbook/service/bookservice/booksvc.go:104.2,104.19 1 1
projects/GoLang-Interns-2022/authorbook/service/bookservice/booksvc.go:96.82,98.3 1 1
projects/GoLang-Interns-2022/authorbook/service/bookservice/booksvc.go:101.30,103.3 1 1
projects/GoLang-Interns-2022/authorbook/service/bookservice/booksvc.go:108.50,109.12 1 1
projects/GoLang-Interns-2022/authorbook/service/bookservice/booksvc.go:113.2,114.30 2 1
projects/GoLang-Interns-2022/authorbook/service/bookservice/booksvc.go:118.2,118.19 1 1
projects/GoLang-Interns-2022/authorbook/service/bookservice/booksvc.go:109.12,111.3 1 1
projects/GoLang-Interns-2022/authorbook/service/bookservice/booksvc.go:114.30,116.3 1 1
projects/GoLang-Interns-2022/authorbook/service/bookservice/booksvc.go:122.48,126.2 2 1
