mode: set
projects/GoLang-Interns-2022/authorbook/store/author1/authorsql.go:14.28,16.2 1 1
projects/GoLang-Interns-2022/authorbook/store/author1/authorsql.go:19.58,22.16 2 1
projects/GoLang-Interns-2022/authorbook/store/author1/authorsql.go:27.2,28.16 2 1
projects/GoLang-Interns-2022/authorbook/store/author1/authorsql.go:32.2,32.21 1 1
projects/GoLang-Interns-2022/authorbook/store/author1/authorsql.go:22.16,25.3 2 1
projects/GoLang-Interns-2022/authorbook/store/author1/authorsql.go:28.16,30.3 1 1
projects/GoLang-Interns-2022/authorbook/store/author1/authorsql.go:36.65,39.16 2 1
projects/GoLang-Interns-2022/authorbook/store/author1/authorsql.go:44.2,44.29 1 1
projects/GoLang-Interns-2022/authorbook/store/author1/authorsql.go:39.16,42.3 2 1
projects/GoLang-Interns-2022/authorbook/store/author1/authorsql.go:48.44,50.16 2 1
projects/GoLang-Interns-2022/authorbook/store/author1/authorsql.go:54.2,55.16 2 1
projects/GoLang-Interns-2022/authorbook/store/author1/authorsql.go:59.2,59.24 1 1
projects/GoLang-Interns-2022/authorbook/store/author1/authorsql.go:50.16,52.3 1 1
projects/GoLang-Interns-2022/authorbook/store/author1/authorsql.go:55.16,57.3 1 1
projects/GoLang-Interns-2022/authorbook/store/author1/authorsql.go:63.63,68.118 3 1
projects/GoLang-Interns-2022/authorbook/store/author1/authorsql.go:73.2,73.20 1 1
projects/GoLang-Interns-2022/authorbook/store/author1/authorsql.go:68.118,71.3 2 1
