mode: set
projects/GoLang-Interns-2022/authorbook/service/authorservice/authorsvc.go:16.46,18.2 1 1
projects/GoLang-Interns-2022/authorbook/service/authorservice/authorsvc.go:21.73,22.43 1 1
projects/GoLang-Interns-2022/authorbook/service/authorservice/authorsvc.go:26.2,27.27 2 1
projects/GoLang-Interns-2022/authorbook/service/authorservice/authorsvc.go:31.2,33.15 2 1
projects/GoLang-Interns-2022/authorbook/service/authorservice/authorsvc.go:22.43,24.3 1 1
projects/GoLang-Interns-2022/authorbook/service/authorservice/authorsvc.go:27.27,29.3 1 1
projects/GoLang-Interns-2022/authorbook/service/authorservice/authorsvc.go:37.80,38.43 1 1
projects/GoLang-Interns-2022/authorbook/service/authorservice/authorsvc.go:42.2,43.46 2 1
projects/GoLang-Interns-2022/authorbook/service/authorservice/authorsvc.go:47.2,48.25 2 1
projects/GoLang-Interns-2022/authorbook/service/authorservice/authorsvc.go:52.2,54.15 2 1
projects/GoLang-Interns-2022/authorbook/service/authorservice/authorsvc.go:38.43,40.3 1 1
projects/GoLang-Interns-2022/authorbook/service/authorservice/authorsvc.go:43.46,45.3 1 1
projects/GoLang-Interns-2022/authorbook/service/authorservice/authorsvc.go:48.25,50.3 1 1
projects/GoLang-Interns-2022/authorbook/service/authorservice/authorsvc.go:58.52,59.12 1 1
projects/GoLang-Interns-2022/authorbook/service/authorservice/authorsvc.go:63.2,64.34 2 1
projects/GoLang-Interns-2022/authorbook/service/authorservice/authorsvc.go:68.2,68.23 1 1
projects/GoLang-Interns-2022/authorbook/service/authorservice/authorsvc.go:59.12,61.3 1 1
projects/GoLang-Interns-2022/authorbook/service/authorservice/authorsvc.go:64.34,66.3 1 1
projects/GoLang-Interns-2022/authorbook/service/authorservice/authorsvc.go:72.32,78.9 5 1
projects/GoLang-Interns-2022/authorbook/service/authorservice/authorsvc.go:87.2,87.13 1 1
projects/GoLang-Interns-2022/authorbook/service/authorservice/authorsvc.go:79.28,80.15 1 1
projects/GoLang-Interns-2022/authorbook/service/authorservice/authorsvc.go:81.32,82.15 1 1
projects/GoLang-Interns-2022/authorbook/service/authorservice/authorsvc.go:83.17,84.15 1 1
