mode: set
projects/GoLang-Interns-2022/authorbook/store/book/booksql.go:14.28,16.2 1 1
projects/GoLang-Interns-2022/authorbook/store/book/booksql.go:19.55,27.16 3 1
projects/GoLang-Interns-2022/authorbook/store/book/booksql.go:30.2,32.18 2 1
projects/GoLang-Interns-2022/authorbook/store/book/booksql.go:43.2,43.19 1 1
projects/GoLang-Interns-2022/authorbook/store/book/booksql.go:27.16,29.3 1 1
projects/GoLang-Interns-2022/authorbook/store/book/booksql.go:32.18,36.17 3 1
projects/GoLang-Interns-2022/authorbook/store/book/booksql.go:40.3,40.30 1 1
projects/GoLang-Interns-2022/authorbook/store/book/booksql.go:36.17,38.4 1 0
projects/GoLang-Interns-2022/authorbook/store/book/booksql.go:47.72,55.16 3 1
projects/GoLang-Interns-2022/authorbook/store/book/booksql.go:59.2,61.18 2 1
projects/GoLang-Interns-2022/authorbook/store/book/booksql.go:73.2,73.19 1 1
projects/GoLang-Interns-2022/authorbook/store/book/booksql.go:55.16,58.3 2 1
projects/GoLang-Interns-2022/authorbook/store/book/booksql.go:61.18,65.17 3 1
projects/GoLang-Interns-2022/authorbook/store/book/booksql.go:70.3,70.30 1 1
projects/GoLang-Interns-2022/authorbook/store/book/booksql.go:65.17,68.4 2 0
projects/GoLang-Interns-2022/authorbook/store/book/booksql.go:77.60,83.16 4 1
projects/GoLang-Interns-2022/authorbook/store/book/booksql.go:88.2,88.18 1 1
projects/GoLang-Interns-2022/authorbook/store/book/booksql.go:83.16,86.3 2 1
projects/GoLang-Interns-2022/authorbook/store/book/booksql.go:92.56,95.16 2 1
projects/GoLang-Interns-2022/authorbook/store/book/booksql.go:100.2,101.16 2 1
projects/GoLang-Interns-2022/authorbook/store/book/booksql.go:106.2,106.21 1 1
projects/GoLang-Interns-2022/authorbook/store/book/booksql.go:95.16,98.3 2 1
projects/GoLang-Interns-2022/authorbook/store/book/booksql.go:101.16,104.3 2 1
projects/GoLang-Interns-2022/authorbook/store/book/booksql.go:110.63,113.16 2 1
projects/GoLang-Interns-2022/authorbook/store/book/booksql.go:117.2,118.16 2 1
projects/GoLang-Interns-2022/authorbook/store/book/booksql.go:122.2,122.21 1 1
projects/GoLang-Interns-2022/authorbook/store/book/booksql.go:113.16,115.3 1 1
projects/GoLang-Interns-2022/authorbook/store/book/booksql.go:118.16,120.3 1 1
projects/GoLang-Interns-2022/authorbook/store/book/booksql.go:126.45,128.16 2 1
projects/GoLang-Interns-2022/authorbook/store/book/booksql.go:132.2,133.16 2 1
projects/GoLang-Interns-2022/authorbook/store/book/booksql.go:137.2,137.24 1 1
projects/GoLang-Interns-2022/authorbook/store/book/booksql.go:128.16,130.3 1 1
projects/GoLang-Interns-2022/authorbook/store/book/booksql.go:133.16,135.3 1 1
